{
 "displayTimeUnit": "ms", 
 "traceEvents": [
  {
   "name": "FACTORY-PORT", 
   "tid": "TRUCK:0", 
   "ph": "B", 
   "args": {
    "cargo": [
     "CARGO:FACTORY_A_0"
    ], 
    "transport": "TRUCK:0"
   }, 
   "pid": "TRUCK:0", 
   "ts": 0, 
   "cat": "ddd"
  }, 
  {
   "name": "FACTORY-B", 
   "tid": "TRUCK:1", 
   "ph": "B", 
   "args": {
    "cargo": [
     "CARGO:FACTORY_B_1"
    ], 
    "transport": "TRUCK:1"
   }, 
   "pid": "TRUCK:1", 
   "ts": 0, 
   "cat": "ddd"
  }, 
  {
   "tid": "TRUCK:0", 
   "ph": "E", 
   "args": {
    "cargo": [
     "CARGO:FACTORY_A_0"
    ], 
    "transport": "TRUCK:0"
   }, 
   "pid": "TRUCK:0", 
   "ts": 1, 
   "cat": "ddd"
  }, 
  {
   "name": "PORT-FACTORY", 
   "tid": "TRUCK:0", 
   "ph": "B", 
   "args": {
    "cargo": [], 
    "transport": "TRUCK:0"
   }, 
   "pid": "TRUCK:0", 
   "ts": 1, 
   "cat": "ddd"
  }, 
  {
   "name": "LOAD", 
   "args": {
    "cargo": [
     "CARGO:FACTORY_A_0"
    ], 
    "transport": "SHIP:2"
   }, 
   "pid": "SHIP:2", 
   "ts": 1, 
   "cat": "ddd", 
   "tid": "SHIP:2", 
   "ph": "X", 
   "dur": 1
  }, 
  {
   "tid": "TRUCK:0", 
   "ph": "E", 
   "args": {
    "cargo": [], 
    "transport": "TRUCK:0"
   }, 
   "pid": "TRUCK:0", 
   "ts": 2, 
   "cat": "ddd"
  }, 
  {
   "name": "FACTORY-B", 
   "tid": "TRUCK:0", 
   "ph": "B", 
   "args": {
    "cargo": [
     "CARGO:FACTORY_B_2"
    ], 
    "transport": "TRUCK:0"
   }, 
   "pid": "TRUCK:0", 
   "ts": 2, 
   "cat": "ddd"
  }, 
  {
   "name": "PORT-A", 
   "tid": "SHIP:2", 
   "ph": "B", 
   "args": {
    "cargo": [
     "CARGO:FACTORY_A_0"
    ], 
    "transport": "SHIP:2"
   }, 
   "pid": "SHIP:2", 
   "ts": 2, 
   "cat": "ddd"
  }, 
  {
   "tid": "TRUCK:1", 
   "ph": "E", 
   "args": {
    "cargo": [
     "CARGO:FACTORY_B_1"
    ], 
    "transport": "TRUCK:1"
   }, 
   "pid": "TRUCK:1", 
   "ts": 5, 
   "cat": "ddd"
  }, 
  {
   "name": "B-FACTORY", 
   "tid": "TRUCK:1", 
   "ph": "B", 
   "args": {
    "cargo": [], 
    "transport": "TRUCK:1"
   }, 
   "pid": "TRUCK:1", 
   "ts": 5, 
   "cat": "ddd"
  }, 
  {
   "tid": "TRUCK:0", 
   "ph": "E", 
   "args": {
    "cargo": [
     "CARGO:FACTORY_B_2"
    ], 
    "transport": "TRUCK:0"
   }, 
   "pid": "TRUCK:0", 
   "ts": 7, 
   "cat": "ddd"
  }, 
  {
   "name": "B-FACTORY", 
   "tid": "TRUCK:0", 
   "ph": "B", 
   "args": {
    "cargo": [], 
    "transport": "TRUCK:0"
   }, 
   "pid": "TRUCK:0", 
   "ts": 7, 
   "cat": "ddd"
  }, 
  {
   "tid": "SHIP:2", 
   "ph": "E", 
   "args": {
    "cargo": [
     "CARGO:FACTORY_A_0"
    ], 
    "transport": "SHIP:2"
   }, 
   "pid": "SHIP:2", 
   "ts": 8, 
   "cat": "ddd"
  }, 
  {
   "name": "UNLOAD", 
   "args": {
    "cargo": [
     "CARGO:FACTORY_A_0"
    ], 
    "transport": "SHIP:2"
   }, 
   "pid": "SHIP:2", 
   "ts": 8, 
   "cat": "ddd", 
   "tid": "SHIP:2", 
   "ph": "X", 
   "dur": 1
  }, 
  {
   "name": "A-PORT", 
   "tid": "SHIP:2", 
   "ph": "B", 
   "args": {
    "cargo": [], 
    "transport": "SHIP:2"
   }, 
   "pid": "SHIP:2", 
   "ts": 9, 
   "cat": "ddd"
  }, 
  {
   "tid": "TRUCK:1", 
   "ph": "E", 
   "args": {
    "cargo": [], 
    "transport": "TRUCK:1"
   }, 
   "pid": "TRUCK:1", 
   "ts": 10, 
   "cat": "ddd"
  }, 
  {
   "name": "FACTORY-B", 
   "tid": "TRUCK:1", 
   "ph": "B", 
   "args": {
    "cargo": [
     "CARGO:FACTORY_B_3"
    ], 
    "transport": "TRUCK:1"
   }, 
   "pid": "TRUCK:1", 
   "ts": 10, 
   "cat": "ddd"
  }, 
  {
   "tid": "TRUCK:0", 
   "ph": "E", 
   "args": {
    "cargo": [], 
    "transport": "TRUCK:0"
   }, 
   "pid": "TRUCK:0", 
   "ts": 12, 
   "cat": "ddd"
  }, 
  {
   "name": "FACTORY-PORT", 
   "tid": "TRUCK:0", 
   "ph": "B", 
   "args": {
    "cargo": [
     "CARGO:FACTORY_A_4"
    ], 
    "transport": "TRUCK:0"
   }, 
   "pid": "TRUCK:0", 
   "ts": 12, 
   "cat": "ddd"
  }, 
  {
   "tid": "TRUCK:0", 
   "ph": "E", 
   "args": {
    "cargo": [
     "CARGO:FACTORY_A_4"
    ], 
    "transport": "TRUCK:0"
   }, 
   "pid": "TRUCK:0", 
   "ts": 13, 
   "cat": "ddd"
  }, 
  {
   "name": "PORT-FACTORY", 
   "tid": "TRUCK:0", 
   "ph": "B", 
   "args": {
    "cargo": [], 
    "transport": "TRUCK:0"
   }, 
   "pid": "TRUCK:0", 
   "ts": 13, 
   "cat": "ddd"
  }, 
  {
   "tid": "TRUCK:0", 
   "ph": "E", 
   "args": {
    "cargo": [], 
    "transport": "TRUCK:0"
   }, 
   "pid": "TRUCK:0", 
   "ts": 14, 
   "cat": "ddd"
  }, 
  {
   "name": "FACTORY-B", 
   "tid": "TRUCK:0", 
   "ph": "B", 
   "args": {
    "cargo": [
     "CARGO:FACTORY_B_5"
    ], 
    "transport": "TRUCK:0"
   }, 
   "pid": "TRUCK:0", 
   "ts": 14, 
   "cat": "ddd"
  }, 
  {
   "tid": "TRUCK:1", 
   "ph": "E", 
   "args": {
    "cargo": [
     "CARGO:FACTORY_B_3"
    ], 
    "transport": "TRUCK:1"
   }, 
   "pid": "TRUCK:1", 
   "ts": 15, 
   "cat": "ddd"
  }, 
  {
   "name": "B-FACTORY", 
   "tid": "TRUCK:1", 
   "ph": "B", 
   "args": {
    "cargo": [], 
    "transport": "TRUCK:1"
   }, 
   "pid": "TRUCK:1", 
   "ts": 15, 
   "cat": "ddd"
  }, 
  {
   "tid": "SHIP:2", 
   "ph": "E", 
   "args": {
    "cargo": [], 
    "transport": "SHIP:2"
   }, 
   "pid": "SHIP:2", 
   "ts": 15, 
   "cat": "ddd"
  }, 
  {
   "name": "LOAD", 
   "args": {
    "cargo": [
     "CARGO:FACTORY_A_4"
    ], 
    "transport": "SHIP:2"
   }, 
   "pid": "SHIP:2", 
   "ts": 15, 
   "cat": "ddd", 
   "tid": "SHIP:2", 
   "ph": "X", 
   "dur": 1
  }, 
  {
   "name": "PORT-A", 
   "tid": "SHIP:2", 
   "ph": "B", 
   "args": {
    "cargo": [
     "CARGO:FACTORY_A_4"
    ], 
    "transport": "SHIP:2"
   }, 
   "pid": "SHIP:2", 
   "ts": 16, 
   "cat": "ddd"
  }, 
  {
   "tid": "TRUCK:0", 
   "ph": "E", 
   "args": {
    "cargo": [
     "CARGO:FACTORY_B_5"
    ], 
    "transport": "TRUCK:0"
   }, 
   "pid": "TRUCK:0", 
   "ts": 19, 
   "cat": "ddd"
  }, 
  {
   "name": "B-FACTORY", 
   "tid": "TRUCK:0", 
   "ph": "B", 
   "args": {
    "cargo": [], 
    "transport": "TRUCK:0"
   }, 
   "pid": "TRUCK:0", 
   "ts": 19, 
   "cat": "ddd"
  }, 
  {
   "tid": "TRUCK:1", 
   "ph": "E", 
   "args": {
    "cargo": [], 
    "transport": "TRUCK:1"
   }, 
   "pid": "TRUCK:1", 
   "ts": 20, 
   "cat": "ddd"
  }, 
  {
   "name": "FACTORY-PORT", 
   "tid": "TRUCK:1", 
   "ph": "B", 
   "args": {
    "cargo": [
     "CARGO:FACTORY_A_6"
    ], 
    "transport": "TRUCK:1"
   }, 
   "pid": "TRUCK:1", 
   "ts": 20, 
   "cat": "ddd"
  }, 
  {
   "tid": "TRUCK:1", 
   "ph": "E", 
   "args": {
    "cargo": [
     "CARGO:FACTORY_A_6"
    ], 
    "transport": "TRUCK:1"
   }, 
   "pid": "TRUCK:1", 
   "ts": 21, 
   "cat": "ddd"
  }, 
  {
   "name": "PORT-FACTORY", 
   "tid": "TRUCK:1", 
   "ph": "B", 
   "args": {
    "cargo": [], 
    "transport": "TRUCK:1"
   }, 
   "pid": "TRUCK:1", 
   "ts": 21, 
   "cat": "ddd"
  }, 
  {
   "tid": "TRUCK:1", 
   "ph": "E", 
   "args": {
    "cargo": [], 
    "transport": "TRUCK:1"
   }, 
   "pid": "TRUCK:1", 
   "ts": 22, 
   "cat": "ddd"
  }, 
  {
   "name": "FACTORY-PORT", 
   "tid": "TRUCK:1", 
   "ph": "B", 
   "args": {
    "cargo": [
     "CARGO:FACTORY_A_7"
    ], 
    "transport": "TRUCK:1"
   }, 
   "pid": "TRUCK:1", 
   "ts": 22, 
   "cat": "ddd"
  }, 
  {
   "tid": "SHIP:2", 
   "ph": "E", 
   "args": {
    "cargo": [
     "CARGO:FACTORY_A_4"
    ], 
    "transport": "SHIP:2"
   }, 
   "pid": "SHIP:2", 
   "ts": 22, 
   "cat": "ddd"
  }, 
  {
   "name": "UNLOAD", 
   "args": {
    "cargo": [
     "CARGO:FACTORY_A_4"
    ], 
    "transport": "SHIP:2"
   }, 
   "pid": "SHIP:2", 
   "ts": 22, 
   "cat": "ddd", 
   "tid": "SHIP:2", 
   "ph": "X", 
   "dur": 1
  }, 
  {
   "tid": "TRUCK:1", 
   "ph": "E", 
   "args": {
    "cargo": [
     "CARGO:FACTORY_A_7"
    ], 
    "transport": "TRUCK:1"
   }, 
   "pid": "TRUCK:1", 
   "ts": 23, 
   "cat": "ddd"
  }, 
  {
   "name": "PORT-FACTORY", 
   "tid": "TRUCK:1", 
   "ph": "B", 
   "args": {
    "cargo": [], 
    "transport": "TRUCK:1"
   }, 
   "pid": "TRUCK:1", 
   "ts": 23, 
   "cat": "ddd"
  }, 
  {
   "name": "A-PORT", 
   "tid": "SHIP:2", 
   "ph": "B", 
   "args": {
    "cargo": [], 
    "transport": "SHIP:2"
   }, 
   "pid": "SHIP:2", 
   "ts": 23, 
   "cat": "ddd"
  }, 
  {
   "tid": "TRUCK:0", 
   "ph": "E", 
   "args": {
    "cargo": [], 
    "transport": "TRUCK:0"
   }, 
   "pid": "TRUCK:0", 
   "ts": 24, 
   "cat": "ddd"
  }, 
  {
   "name": "FACTORY-PORT", 
   "tid": "TRUCK:0", 
   "ph": "B", 
   "args": {
    "cargo": [
     "CARGO:FACTORY_A_8"
    ], 
    "transport": "TRUCK:0"
   }, 
   "pid": "TRUCK:0", 
   "ts": 24, 
   "cat": "ddd"
  }, 
  {
   "tid": "TRUCK:1", 
   "ph": "E", 
   "args": {
    "cargo": [], 
    "transport": "TRUCK:1"
   }, 
   "pid": "TRUCK:1", 
   "ts": 24, 
   "cat": "ddd"
  }, 
  {
   "name": "FACTORY-B", 
   "tid": "TRUCK:1", 
   "ph": "B", 
   "args": {
    "cargo": [
     "CARGO:FACTORY_B_9"
    ], 
    "transport": "TRUCK:1"
   }, 
   "pid": "TRUCK:1", 
   "ts": 24, 
   "cat": "ddd"
  }, 
  {
   "tid": "TRUCK:0", 
   "ph": "E", 
   "args": {
    "cargo": [
     "CARGO:FACTORY_A_8"
    ], 
    "transport": "TRUCK:0"
   }, 
   "pid": "TRUCK:0", 
   "ts": 25, 
   "cat": "ddd"
  }, 
  {
   "name": "PORT-FACTORY", 
   "tid": "TRUCK:0", 
   "ph": "B", 
   "args": {
    "cargo": [], 
    "transport": "TRUCK:0"
   }, 
   "pid": "TRUCK:0", 
   "ts": 25, 
   "cat": "ddd"
  }, 
  {
   "tid": "TRUCK:0", 
   "ph": "E", 
   "args": {
    "cargo": [], 
    "transport": "TRUCK:0"
   }, 
   "pid": "TRUCK:0", 
   "ts": 26, 
   "cat": "ddd"
  }, 
  {
   "name": "FACTORY-B", 
   "tid": "TRUCK:0", 
   "ph": "B", 
   "args": {
    "cargo": [
     "CARGO:FACTORY_B_10"
    ], 
    "transport": "TRUCK:0"
   }, 
   "pid": "TRUCK:0", 
   "ts": 26, 
   "cat": "ddd"
  }, 
  {
   "tid": "TRUCK:1", 
   "ph": "E", 
   "args": {
    "cargo": [
     "CARGO:FACTORY_B_9"
    ], 
    "transport": "TRUCK:1"
   }, 
   "pid": "TRUCK:1", 
   "ts": 29, 
   "cat": "ddd"
  }, 
  {
   "name": "B-FACTORY", 
   "tid": "TRUCK:1", 
   "ph": "B", 
   "args": {
    "cargo": [], 
    "transport": "TRUCK:1"
   }, 
   "pid": "TRUCK:1", 
   "ts": 29, 
   "cat": "ddd"
  }, 
  {
   "tid": "SHIP:2", 
   "ph": "E", 
   "args": {
    "cargo": [], 
    "transport": "SHIP:2"
   }, 
   "pid": "SHIP:2", 
   "ts": 29, 
   "cat": "ddd"
  }, 
  {
   "name": "LOAD", 
   "args": {
    "cargo": [
     "CARGO:FACTORY_A_6", 
     "CARGO:FACTORY_A_7", 
     "CARGO:FACTORY_A_8"
    ], 
    "transport": "SHIP:2"
   }, 
   "pid": "SHIP:2", 
   "ts": 29, 
   "cat": "ddd", 
   "tid": "SHIP:2", 
   "ph": "X", 
   "dur": 1
  }, 
  {
   "name": "PORT-A", 
   "tid": "SHIP:2", 
   "ph": "B", 
   "args": {
    "cargo": [
     "CARGO:FACTORY_A_6", 
     "CARGO:FACTORY_A_7", 
     "CARGO:FACTORY_A_8"
    ], 
    "transport": "SHIP:2"
   }, 
   "pid": "SHIP:2", 
   "ts": 30, 
   "cat": "ddd"
  }, 
  {
   "tid": "TRUCK:0", 
   "ph": "E", 
   "args": {
    "cargo": [
     "CARGO:FACTORY_B_10"
    ], 
    "transport": "TRUCK:0"
   }, 
   "pid": "TRUCK:0", 
   "ts": 31, 
   "cat": "ddd"
  }, 
  {
   "name": "B-FACTORY", 
   "tid": "TRUCK:0", 
   "ph": "B", 
   "args": {
    "cargo": [], 
    "transport": "TRUCK:0"
   }, 
   "pid": "TRUCK:0", 
   "ts": 31, 
   "cat": "ddd"
  }, 
  {
   "tid": "TRUCK:1", 
   "ph": "E", 
   "args": {
    "cargo": [], 
    "transport": "TRUCK:1"
   }, 
   "pid": "TRUCK:1", 
   "ts": 34, 
   "cat": "ddd"
  }, 
  {
   "name": "FACTORY-B", 
   "tid": "TRUCK:1", 
   "ph": "B", 
   "args": {
    "cargo": [
     "CARGO:FACTORY_B_11"
    ], 
    "transport": "TRUCK:1"
   }, 
   "pid": "TRUCK:1", 
   "ts": 34, 
   "cat": "ddd"
  }, 
  {
   "tid": "TRUCK:0", 
   "ph": "E", 
   "args": {
    "cargo": [], 
    "transport": "TRUCK:0"
   }, 
   "pid": "TRUCK:0", 
   "ts": 36, 
   "cat": "ddd"
  }, 
  {
   "tid": "SHIP:2", 
   "ph": "E", 
   "args": {
    "cargo": [
     "CARGO:FACTORY_A_6", 
     "CARGO:FACTORY_A_7", 
     "CARGO:FACTORY_A_8"
    ], 
    "transport": "SHIP:2"
   }, 
   "pid": "SHIP:2", 
   "ts": 36, 
   "cat": "ddd"
  }, 
  {
   "name": "UNLOAD", 
   "args": {
    "cargo": [
     "CARGO:FACTORY_A_6", 
     "CARGO:FACTORY_A_7", 
     "CARGO:FACTORY_A_8"
    ], 
    "transport": "SHIP:2"
   }, 
   "pid": "SHIP:2", 
   "ts": 36, 
   "cat": "ddd", 
   "tid": "SHIP:2", 
   "ph": "X", 
   "dur": 1
  }, 
  {
   "name": "A-PORT", 
   "tid": "SHIP:2", 
   "ph": "B", 
   "args": {
    "cargo": [], 
    "transport": "SHIP:2"
   }, 
   "pid": "SHIP:2", 
   "ts": 37, 
   "cat": "ddd"
  }, 
  {
   "tid": "TRUCK:1", 
   "ph": "E", 
   "args": {
    "cargo": [
     "CARGO:FACTORY_B_11"
    ], 
    "transport": "TRUCK:1"
   }, 
   "pid": "TRUCK:1", 
   "ts": 39, 
   "cat": "ddd"
  }, 
  {
   "name": "B-FACTORY", 
   "tid": "TRUCK:1", 
   "ph": "B", 
   "args": {
    "cargo": [], 
    "transport": "TRUCK:1"
   }, 
   "pid": "TRUCK:1", 
   "ts": 39, 
   "cat": "ddd"
  }
 ]
}
